ec59cea2-5006-448f-a033-d5e53f33be232014-03-15 00:02:482014-03-15 00:06:05DROPPED   80526900577757919463
9310ef12-b5c8-421b-8737-6c166ef05d322014-03-15 00:05:262014-03-15 00:06:15SUCCESS   53075717585593426252
2a68e31f-70b2-4b6a-bc70-9da03bb9b0212014-03-15 00:02:282014-03-15 00:06:45FAILED    31082709099280377530
03d7af0a-a09b-4842-b211-b2ab789e35412014-03-15 00:06:312014-03-15 00:06:49SUCCESS   51023677567751949241
75cbc157-c4e7-488b-aa27-2a239661002f2014-03-15 00:02:522014-03-15 00:06:51SUCCESS   80506001858181400102
5181e7e6-a31d-4930-af79-923d04626eb02014-03-15 00:04:052014-03-15 00:06:59SUCCESS   51051075384089604223
551ee542-3c74-4535-9760-65aa72b464db2014-03-15 00:06:582014-03-15 00:07:13FAILED    92816124185416858429
052d43c3-ae04-4419-9866-a00e0046bc312014-03-15 00:05:592014-03-15 00:07:40SUCCESS   55945332609285856005
219d7182-c504-4950-8774-33990eeda8602014-03-15 00:05:062014-03-15 00:07:44DROPPED   90915874565416269638
0c8cf2c9-6328-43af-9581-d3b2006ea5402014-03-15 00:06:302014-03-15 00:08:31SUCCESS   77542731508058163575
9fce5d06-e6a2-4159-91e4-443e0affd5a42014-03-15 00:08:472014-03-15 00:09:03SUCCESS   54153811767603528333
f4755e77-f193-4cd4-b63e-3c444ce7493f2014-03-15 00:08:502014-03-15 00:09:28FAILED    55995979206197056397
140dfae1-3e36-4ff3-ad4d-e280203fb7e32014-03-15 00:08:382014-03-15 00:09:42SUCCESS   56222853309093180150
16c8b01c-cfd0-44b8-a298-28b19fce517b2014-03-15 00:09:132014-03-15 00:10:17SUCCESS   92819172619280844033
867d44a9-bb86-4de5-9995-7b1d9f2d990c2014-03-15 00:10:252014-03-15 00:10:56FAILED    81868063845100948888
33b6d05c-5585-41c3-8081-c7069fce1b3e2014-03-15 00:08:272014-03-15 00:10:56SUCCESS   65748312915104334807
c0be6e5f-9fd3-4dc1-a369-5f28993f975e2014-03-15 00:10:392014-03-15 00:11:16SUCCESS   51043532975418738157
6c8ed719-9658-4881-bb8b-780f6950f0562014-03-15 00:10:302014-03-15 00:11:21SUCCESS   40807969028185458696
3161a456-4014-486b-854c-e2a134627c922014-03-15 00:05:302014-03-15 00:11:26SUCCESS   20901800697757889927
82c1ca53-2256-459f-bf5b-08497aace3d02014-03-15 00:09:282014-03-15 00:12:09SUCCESS   81857370564080531582
a554dc86-9931-4461-a3b3-abffcf24ee3d2014-03-15 00:08:062014-03-15 00:12:19SUCCESS   70204683074086825981
0929ed2f-a1b1-465e-bb16-83d77711e0b02014-03-15 00:12:322014-03-15 00:13:45SUCCESS   91663721225104870184
def3fa72-86a1-46b9-aeab-17eebb8b286d2014-03-15 00:10:132014-03-15 00:14:22SUCCESS   20929238175410272004
e7ffb20b-9fef-4c49-ad8f-8b39f9d52aa22014-03-15 00:10:172014-03-15 00:14:38SUCCESS   56201901305032360519
8924d1e3-a7e3-4108-98a3-1eaa79dc54992014-03-15 00:09:382014-03-15 00:14:56SUCCESS   55988577346611860357
ba22d72b-064f-4978-8ec3-bbd36bf30ad32014-03-15 00:12:102014-03-15 00:15:19SUCCESS   70756403002092051645
10e19c75-740e-422b-bc3e-aa2849bdd2c32014-03-15 00:08:052014-03-15 00:15:28SUCCESS   31016919627756049795
1f939a41-dbf1-49e4-96e3-b415032d6da92014-03-15 00:03:452014-03-15 00:15:50SUCCESS   77534818885300392760
89332add-cde2-45d6-a0fb-06d09b89094b2014-03-15 00:15:442014-03-15 00:16:04SUCCESS   50341173587071680552
254c5692-b0a4-4153-a164-c35cd65d81c82014-03-15 00:03:502014-03-15 00:16:39SUCCESS   92885506825413498933
89cefd30-271f-452a-8351-8b0a8aa886de2014-03-15 00:10:532014-03-15 00:16:39SUCCESS   70260501149510467967
4813840c-3c4a-4d3b-930a-330b66bd9e412014-03-15 00:04:002014-03-15 00:16:47SUCCESS   81854098669168610087
fa5f4887-2415-4f1b-a849-1c4f8acda0c52014-03-15 00:13:582014-03-15 00:16:53SUCCESS   62619046647752262162
159ce6ad-47fd-4fa9-bfa6-55fc825523172014-03-15 00:02:522014-03-15 00:16:53SUCCESS   62657523153109860841
69323277-33dc-41c9-8bc5-9c3239079c8a2014-03-15 00:08:502014-03-15 00:17:13SUCCESS   51036552564150023099
d42ae21e-b934-4f3e-99f4-3a939f92bc6c2014-03-15 00:16:252014-03-15 00:17:22SUCCESS   92844490756613093148
6e3e26e3-b40d-4da2-ae77-e75b55749d952014-03-15 00:13:522014-03-15 00:17:24SUCCESS   53080138898050870143
44ca45a7-71a3-4523-afee-e843a773f87b2014-03-15 00:08:572014-03-15 00:17:33DROPPED   92862159919162297654
43fce818-e66c-4d76-97e6-d0140dfb946c2014-03-15 00:15:532014-03-15 00:17:43SUCCESS   31037097158181666596
c7cbde11-3a9c-4de6-816c-8e723fb8b06c2014-03-15 00:10:402014-03-15 00:17:43SUCCESS   31034793364085915320
aa12658e-24d8-4af4-a9ef-0570a5ef9d2a2014-03-15 00:14:372014-03-15 00:18:08SUCCESS   54173331909168624691
ef580b9d-dd66-4ae1-9a1a-3d94a7a9f6cd2014-03-15 00:14:482014-03-15 00:18:45DROPPED   54138036237076949438
a540e0ae-605f-4f13-a879-38405c58b8fa2014-03-15 00:18:292014-03-15 00:19:01SUCCESS   21307261626574831291
732632f9-e284-4f5c-a242-1d20081cca5f2014-03-15 00:14:142014-03-15 00:19:12SUCCESS   70739570483106815837
7787933d-b103-4ec1-8172-15c18b86bbb52014-03-15 00:09:162014-03-15 00:19:43SUCCESS   66193593475594244170
9144086c-e023-400b-b78d-c6c55d8b14982014-03-15 00:17:522014-03-15 00:19:45SUCCESS   61986135345106991691
3839bd37-4d19-4d6f-8386-c28a5356d21a2014-03-15 00:18:512014-03-15 00:19:55DROPPED   42460144575300771530
ccc4b6d1-dbe3-4417-967e-350e912122552014-03-15 00:18:312014-03-15 00:20:36SUCCESS   92838052913105077090
b59e76a8-f173-47af-aab2-51c54922008d2014-03-15 00:09:092014-03-15 00:20:38DROPPED   77588376338055371299
03217cde-4947-478b-aafb-22d648096d4d2014-03-15 00:02:292014-03-15 00:20:53SUCCESS   91665727638184175195
c1eb036d-37cb-454c-8012-fde99c46ec2e2014-03-15 00:20:022014-03-15 00:20:59SUCCESS   66188365202134358826
4ce33d46-cbe3-4ad4-9e74-884a41c9cb652014-03-15 00:20:002014-03-15 00:20:59SUCCESS   65771420187756114785
f8fdd157-8084-4a30-b017-0dcc839c07022014-03-15 00:13:512014-03-15 00:21:02SUCCESS   70221687847075203875
b09d7412-82ad-41e0-b571-bcf3b73a7d782014-03-15 00:19:552014-03-15 00:21:07SUCCESS   41544715812099742308
787d958f-96ba-47a3-934c-247007dd31052014-03-15 00:15:402014-03-15 00:21:28SUCCESS   54151723997145793725
3c9dd665-3c4f-431f-bcc5-c0cc9b5369a82014-03-15 00:04:542014-03-15 00:21:29SUCCESS   42432755777021399648
271f9fbf-3701-4f7f-88d7-81a01a9572402014-03-15 00:19:502014-03-15 00:21:29SUCCESS   50301743318053709123
46dfe5e3-a73b-4574-90a9-cb59e1a542222014-03-15 00:21:002014-03-15 00:21:31SUCCESS   54106704287072148774
13168039-6a1b-475a-9f4e-db2849970ce92014-03-15 00:10:402014-03-15 00:21:36SUCCESS   91621055235418900647
212f0172-9285-49c9-a754-cd0919cd50042014-03-15 00:18:402014-03-15 00:21:45SUCCESS   31023795577751645647
be834ee4-7d97-4fcd-af12-a709af77e7cc2014-03-15 00:15:152014-03-15 00:22:06SUCCESS   70297715782096180285
0635051c-c43d-494d-b564-35c3df41cfb82014-03-15 00:07:182014-03-15 00:22:21SUCCESS   80533823567751949241
0d070f12-0ae5-4f6c-bc00-c144b5ef0bf52014-03-15 00:08:582014-03-15 00:22:25SUCCESS   51082855798059598487
92e08d0c-9a14-47b1-b682-0f0fa7d22f382014-03-15 00:22:192014-03-15 00:22:29SUCCESS   90970728888181809375
d5966dea-42fb-4db4-95a0-32554fb2a1152014-03-15 00:12:012014-03-15 00:22:32FAILED    74742394254158074410
4af85279-91e0-4137-8145-0a84fa7737b52014-03-15 00:12:502014-03-15 00:22:41FAILED    95118860295108866252
71dba2c5-147f-466f-8c95-e9e749cbd53c2014-03-15 00:01:032014-03-15 00:22:45SUCCESS   50305603607079728398
ca19d016-2e22-40bf-bdae-febf62abd3802014-03-15 00:12:052014-03-15 00:22:46SUCCESS   92808440339282315262
08e769f7-0c0b-4b8c-b65e-dab56e269f952014-03-15 00:16:442014-03-15 00:22:49SUCCESS   91611903417029563122
4368c79a-5ebd-4b47-ad35-7eddcb4924ff2014-03-15 00:20:152014-03-15 00:22:53SUCCESS   61914326285038408057
3e426d21-317f-4ccd-9903-bc976415c9692014-03-15 00:12:342014-03-15 00:22:56SUCCESS   41541740047759115204
cea7e221-40fa-4c2b-8f43-d8b60543d36c2014-03-15 00:10:012014-03-15 00:22:59SUCCESS   70757744658185284115
185dd158-a705-4ddb-99b0-209fc1ab494d2014-03-15 00:14:032014-03-15 00:23:02SUCCESS   65771881199286156664
19687de7-6846-47af-9b45-5d9346bf52bb2014-03-15 00:02:082014-03-15 00:23:03SUCCESS   55919242634080201397
2d350306-e0b0-4ab7-a851-403072b5c0d42014-03-15 00:18:322014-03-15 00:23:06FAILED    20969989187472226951
e11e004e-25cd-4ca6-8e44-d086dfc2281e2014-03-15 00:05:002014-03-15 00:23:11FAILED    31034156535590692873
8e917aad-7bea-4c65-9c64-358855505b3f2014-03-15 00:18:372014-03-15 00:23:20SUCCESS   90932400689162179800
59be4f6b-3642-4dfd-a7dc-e0ebb37cc4e12014-03-15 00:19:562014-03-15 00:23:23SUCCESS   80576437425622522020
6216c6ca-f586-4cae-bd8b-2f037f8f88f92014-03-15 00:02:112014-03-15 00:23:29FAILED    42482676783104467739
7330ce7a-e945-4b34-a4e7-6039ef0739d42014-03-15 00:21:552014-03-15 00:23:33SUCCESS   76071575547752771814
14979e06-75af-4e4d-bb66-b1bc8feb9fea2014-03-15 00:05:262014-03-15 00:23:35SUCCESS   20944743959169040690
0d25417c-e45b-4ad9-8b47-4e2994366e2a2014-03-15 00:19:022014-03-15 00:23:46SUCCESS   77521388786262538390
56affb43-9edb-4dc7-89c6-b6c888bf6e922014-03-15 00:15:032014-03-15 00:23:51SUCCESS   92861881966506524757
d78c1e19-cca3-443e-ad33-b9382f0dd6692014-03-15 00:22:222014-03-15 00:24:15SUCCESS   70790431414244896233
1db3f1d6-6b0e-40cb-a532-656edc56a3862014-03-15 00:07:512014-03-15 00:24:19DROPPED   83101357145597170560
cf373734-378c-463d-96e2-0e63d668504c2014-03-15 00:22:162014-03-15 00:24:41SUCCESS   21390578819284037543
cc38f40e-b820-4a16-8b27-d880639204882014-03-15 00:16:582014-03-15 00:24:46SUCCESS   70243370946577077984
46122e78-1a92-4afe-8c2b-1a9a9dcd9b7d2014-03-15 00:22:292014-03-15 00:24:56SUCCESS   53027954847028442404
1779504f-3e6c-4aed-b9fb-f2e923b280212014-03-15 00:11:542014-03-15 00:24:59SUCCESS   61984401677024636108
09cd0983-a361-4a08-969b-e644f646d4d42014-03-15 00:19:282014-03-15 00:24:59SUCCESS   51046702535595892495
3e35ce2f-ca88-4cab-9ea0-12b58ac602e82014-03-15 00:22:012014-03-15 00:25:02SUCCESS   76030326489280025011
1f1d6c35-88bc-4e72-ac2e-6162bab9e4fc2014-03-15 00:08:222014-03-15 00:25:08SUCCESS   51086040537754440933
0ebf6839-dd9b-4b43-8d14-4e20ab7fcdd02014-03-15 00:22:372014-03-15 00:25:12SUCCESS   56221051396269791857
6fb0550d-bb38-4fb6-b342-15e95c8ab9a52014-03-15 00:24:572014-03-15 00:25:14SUCCESS   92830192486579871652
9c566fc1-d0b9-416e-ba06-c16bcfecc9052014-03-15 00:25:232014-03-15 00:25:29SUCCESS   91639025326614509763
e4cd5efc-e8d5-43ec-ba6b-359ddebe49902014-03-15 00:13:202014-03-15 00:25:31SUCCESS   92828398288052415220
0bfd2539-f68f-4d5d-a6c9-f43094b77a1b2014-03-15 00:13:382014-03-15 00:25:37DROPPED   70730896046197936177
339fd4c4-fb9b-4cc9-ae60-5e667595256f2014-03-15 00:11:142014-03-15 00:25:59SUCCESS   70245980129166971111
3b3fc551-9e2c-4a1e-9351-112de5d630232014-03-15 00:10:022014-03-15 00:26:00DROPPED   92857578275304098419
c88ddb7d-94ed-47c7-8397-ad6159beeff32014-03-15 00:21:282014-03-15 00:26:07DROPPED   20921938428056660659
